<?xml version="1.0" encoding="UTF-8"?>
<testng-results skipped="0" failed="0" ignored="0" total="2" passed="2">
  <reporter-output>
  </reporter-output>
  <suite name="Amazon Test Script" duration-ms="22569" started-at="2021-04-03T11:48:00 EDT" finished-at="2021-04-03T11:48:22 EDT">
    <groups>
    </groups>
    <test name="Amazon Home" duration-ms="22569" started-at="2021-04-03T11:48:00 EDT" finished-at="2021-04-03T11:48:22 EDT">
      <class name="landingpage.PageTitle">
        <test-method status="PASS" signature="setUp(java.lang.String)[pri:0, instance:landingpage.PageTitle@1f36e637]" name="setUp" is-config="true" duration-ms="8917" started-at="2021-04-03T11:48:00 EDT" finished-at="2021-04-03T11:48:09 EDT">
          <params>
            <param index="0">
              <value>
                <![CDATA[http://amazon.com]]>
              </value>
            </param>
          </params>
          <reporter-output>
          </reporter-output>
        </test-method> <!-- setUp -->
        <test-method status="PASS" signature="checkTitle()[pri:0, instance:landingpage.PageTitle@1f36e637]" name="checkTitle" duration-ms="287" started-at="2021-04-03T11:48:09 EDT" finished-at="2021-04-03T11:48:09 EDT">
          <reporter-output>
          </reporter-output>
        </test-method> <!-- checkTitle -->
        <test-method status="PASS" signature="cleanUp()[pri:0, instance:landingpage.PageTitle@1f36e637]" name="cleanUp" is-config="true" duration-ms="168" started-at="2021-04-03T11:48:09 EDT" finished-at="2021-04-03T11:48:09 EDT">
          <reporter-output>
          </reporter-output>
        </test-method> <!-- cleanUp -->
      </class> <!-- landingpage.PageTitle -->
      <class name="landingpage.Search">
        <test-method status="PASS" signature="setUp(java.lang.String)[pri:0, instance:landingpage.Search@51cdd8a]" name="setUp" is-config="true" duration-ms="6789" started-at="2021-04-03T11:48:09 EDT" finished-at="2021-04-03T11:48:16 EDT">
          <params>
            <param index="0">
              <value>
                <![CDATA[http://amazon.com]]>
              </value>
            </param>
          </params>
          <reporter-output>
          </reporter-output>
        </test-method> <!-- setUp -->
        <test-method status="PASS" signature="search()[pri:0, instance:landingpage.Search@51cdd8a]" name="search" duration-ms="6071" started-at="2021-04-03T11:48:16 EDT" finished-at="2021-04-03T11:48:22 EDT">
          <reporter-output>
          </reporter-output>
        </test-method> <!-- search -->
        <test-method status="PASS" signature="cleanUp()[pri:0, instance:landingpage.Search@51cdd8a]" name="cleanUp" is-config="true" duration-ms="275" started-at="2021-04-03T11:48:22 EDT" finished-at="2021-04-03T11:48:22 EDT">
          <reporter-output>
          </reporter-output>
        </test-method> <!-- cleanUp -->
      </class> <!-- landingpage.Search -->
    </test> <!-- Amazon Home -->
  </suite> <!-- Amazon Test Script -->
</testng-results>
