<?xml version="1.0" encoding="UTF-8"?>
<testng-results skipped="0" failed="0" ignored="0" total="2" passed="2">
  <reporter-output>
  </reporter-output>
  <suite name="Ebay Test Script" duration-ms="18386" started-at="2021-04-03T11:48:57 EDT" finished-at="2021-04-03T11:49:15 EDT">
    <groups>
    </groups>
    <test name="EBAY Home" duration-ms="18386" started-at="2021-04-03T11:48:57 EDT" finished-at="2021-04-03T11:49:15 EDT">
      <class name="mainPage.ItemSearch">
        <test-method status="PASS" signature="setUp(java.lang.String)[pri:0, instance:mainPage.ItemSearch@51cdd8a]" name="setUp" is-config="true" duration-ms="4020" started-at="2021-04-03T11:49:04 EDT" finished-at="2021-04-03T11:49:08 EDT">
          <params>
            <param index="0">
              <value>
                <![CDATA[https://www.ebay.com/]]>
              </value>
            </param>
          </params>
          <reporter-output>
          </reporter-output>
        </test-method> <!-- setUp -->
        <test-method status="PASS" signature="test1()[pri:0, instance:mainPage.ItemSearch@51cdd8a]" name="test1" duration-ms="6962" started-at="2021-04-03T11:49:08 EDT" finished-at="2021-04-03T11:49:15 EDT">
          <reporter-output>
          </reporter-output>
        </test-method> <!-- test1 -->
        <test-method status="PASS" signature="cleanUp()[pri:0, instance:mainPage.ItemSearch@51cdd8a]" name="cleanUp" is-config="true" duration-ms="205" started-at="2021-04-03T11:49:15 EDT" finished-at="2021-04-03T11:49:15 EDT">
          <reporter-output>
          </reporter-output>
        </test-method> <!-- cleanUp -->
      </class> <!-- mainPage.ItemSearch -->
      <class name="mainPage.SearchPage">
        <test-method status="PASS" signature="setUp(java.lang.String)[pri:0, instance:mainPage.SearchPage@1f36e637]" name="setUp" is-config="true" duration-ms="6804" started-at="2021-04-03T11:48:57 EDT" finished-at="2021-04-03T11:49:04 EDT">
          <params>
            <param index="0">
              <value>
                <![CDATA[https://www.ebay.com/]]>
              </value>
            </param>
          </params>
          <reporter-output>
          </reporter-output>
        </test-method> <!-- setUp -->
        <test-method status="PASS" signature="test2()[pri:0, instance:mainPage.SearchPage@1f36e637]" name="test2" duration-ms="123" started-at="2021-04-03T11:49:04 EDT" finished-at="2021-04-03T11:49:04 EDT">
          <reporter-output>
          </reporter-output>
        </test-method> <!-- test2 -->
        <test-method status="PASS" signature="cleanUp()[pri:0, instance:mainPage.SearchPage@1f36e637]" name="cleanUp" is-config="true" duration-ms="211" started-at="2021-04-03T11:49:04 EDT" finished-at="2021-04-03T11:49:04 EDT">
          <reporter-output>
          </reporter-output>
        </test-method> <!-- cleanUp -->
      </class> <!-- mainPage.SearchPage -->
    </test> <!-- EBAY Home -->
  </suite> <!-- Ebay Test Script -->
</testng-results>
