<?xml version="1.0" encoding="UTF-8"?>
<testng-results skipped="0" failed="0" ignored="0" total="1" passed="1">
  <reporter-output>
  </reporter-output>
  <suite name="NYPost Test Script" duration-ms="28530" started-at="2021-04-03T11:48:25 EDT" finished-at="2021-04-03T11:48:54 EDT">
    <groups>
    </groups>
    <test name="NYP Home" duration-ms="28530" started-at="2021-04-03T11:48:25 EDT" finished-at="2021-04-03T11:48:54 EDT">
      <class name="homepage.NewsPage">
        <test-method status="PASS" signature="setUp(java.lang.String)[pri:0, instance:homepage.NewsPage@2758fe70]" name="setUp" is-config="true" duration-ms="27807" started-at="2021-04-03T11:48:25 EDT" finished-at="2021-04-03T11:48:53 EDT">
          <params>
            <param index="0">
              <value>
                <![CDATA[https://nypost.com/]]>
              </value>
            </param>
          </params>
          <reporter-output>
          </reporter-output>
        </test-method> <!-- setUp -->
        <test-method status="PASS" signature="home()[pri:0, instance:homepage.NewsPage@2758fe70]" name="home" duration-ms="184" started-at="2021-04-03T11:48:53 EDT" finished-at="2021-04-03T11:48:53 EDT">
          <reporter-output>
          </reporter-output>
        </test-method> <!-- home -->
        <test-method status="PASS" signature="cleanUp()[pri:0, instance:homepage.NewsPage@2758fe70]" name="cleanUp" is-config="true" duration-ms="470" started-at="2021-04-03T11:48:53 EDT" finished-at="2021-04-03T11:48:54 EDT">
          <reporter-output>
          </reporter-output>
        </test-method> <!-- cleanUp -->
      </class> <!-- homepage.NewsPage -->
    </test> <!-- NYP Home -->
  </suite> <!-- NYPost Test Script -->
</testng-results>
