<?xml version="1.0" encoding="UTF-8"?>
<testng-results skipped="0" failed="0" ignored="0" total="1" passed="1">
  <reporter-output>
  </reporter-output>
  <suite name="CNN Test Script" duration-ms="18436" started-at="2021-04-03T11:49:18 EDT" finished-at="2021-04-03T11:49:37 EDT">
    <groups>
    </groups>
    <test name="CNN Home" duration-ms="18436" started-at="2021-04-03T11:49:18 EDT" finished-at="2021-04-03T11:49:37 EDT">
      <class name="homepage.NewsPage">
        <test-method status="PASS" signature="setUp(java.lang.String)[pri:0, instance:homepage.NewsPage@1f36e637]" name="setUp" is-config="true" duration-ms="17745" started-at="2021-04-03T11:49:18 EDT" finished-at="2021-04-03T11:49:36 EDT">
          <params>
            <param index="0">
              <value>
                <![CDATA[https://www.cnn.com/]]>
              </value>
            </param>
          </params>
          <reporter-output>
          </reporter-output>
        </test-method> <!-- setUp -->
        <test-method status="PASS" signature="home()[pri:0, instance:homepage.NewsPage@1f36e637]" name="home" duration-ms="329" started-at="2021-04-03T11:49:36 EDT" finished-at="2021-04-03T11:49:36 EDT">
          <reporter-output>
          </reporter-output>
        </test-method> <!-- home -->
        <test-method status="PASS" signature="cleanUp()[pri:0, instance:homepage.NewsPage@1f36e637]" name="cleanUp" is-config="true" duration-ms="296" started-at="2021-04-03T11:49:36 EDT" finished-at="2021-04-03T11:49:37 EDT">
          <reporter-output>
          </reporter-output>
        </test-method> <!-- cleanUp -->
      </class> <!-- homepage.NewsPage -->
    </test> <!-- CNN Home -->
  </suite> <!-- CNN Test Script -->
</testng-results>
