<?xml version="1.0" encoding="UTF-8"?>
<testng-results skipped="0" failed="0" ignored="0" total="2" passed="2">
  <reporter-output>
  </reporter-output>
  <suite name="Target Test Script" duration-ms="28561" started-at="2021-04-03T11:49:40 EDT" finished-at="2021-04-03T11:50:09 EDT">
    <groups>
    </groups>
    <test name="TARGET Home" duration-ms="28561" started-at="2021-04-03T11:49:40 EDT" finished-at="2021-04-03T11:50:09 EDT">
      <class name="homepage.MainPage">
        <test-method status="PASS" signature="setUp(java.lang.String)[pri:0, instance:homepage.MainPage@1f36e637]" name="setUp" is-config="true" duration-ms="11683" started-at="2021-04-03T11:49:40 EDT" finished-at="2021-04-03T11:49:52 EDT">
          <params>
            <param index="0">
              <value>
                <![CDATA[https://www.target.com/]]>
              </value>
            </param>
          </params>
          <reporter-output>
          </reporter-output>
        </test-method> <!-- setUp -->
        <test-method status="PASS" signature="test1()[pri:0, instance:homepage.MainPage@1f36e637]" name="test1" duration-ms="107" started-at="2021-04-03T11:49:52 EDT" finished-at="2021-04-03T11:49:52 EDT">
          <reporter-output>
          </reporter-output>
        </test-method> <!-- test1 -->
        <test-method status="PASS" signature="cleanUp()[pri:0, instance:homepage.MainPage@1f36e637]" name="cleanUp" is-config="true" duration-ms="4132" started-at="2021-04-03T11:49:52 EDT" finished-at="2021-04-03T11:49:56 EDT">
          <reporter-output>
          </reporter-output>
        </test-method> <!-- cleanUp -->
      </class> <!-- homepage.MainPage -->
      <class name="homepage.ItemSearch">
        <test-method status="PASS" signature="setUp(java.lang.String)[pri:0, instance:homepage.ItemSearch@51cdd8a]" name="setUp" is-config="true" duration-ms="8261" started-at="2021-04-03T11:49:56 EDT" finished-at="2021-04-03T11:50:04 EDT">
          <params>
            <param index="0">
              <value>
                <![CDATA[https://www.target.com/]]>
              </value>
            </param>
          </params>
          <reporter-output>
          </reporter-output>
        </test-method> <!-- setUp -->
        <test-method status="PASS" signature="test1()[pri:0, instance:homepage.ItemSearch@51cdd8a]" name="test1" duration-ms="4145" started-at="2021-04-03T11:50:04 EDT" finished-at="2021-04-03T11:50:08 EDT">
          <reporter-output>
          </reporter-output>
        </test-method> <!-- test1 -->
        <test-method status="PASS" signature="cleanUp()[pri:0, instance:homepage.ItemSearch@51cdd8a]" name="cleanUp" is-config="true" duration-ms="177" started-at="2021-04-03T11:50:08 EDT" finished-at="2021-04-03T11:50:09 EDT">
          <reporter-output>
          </reporter-output>
        </test-method> <!-- cleanUp -->
      </class> <!-- homepage.ItemSearch -->
    </test> <!-- TARGET Home -->
  </suite> <!-- Target Test Script -->
</testng-results>
